Timestamp: 2025-02-12T05:50:16.928Z
Symbol: RELIANCE
Underlying Value: 1208.8
Futures Data: [
  {
    "lastPrice": 1214,
    "change": -25.450000000000045,
    "pChange": -2.053330106095449,
    "contractsTraded": 29147,
    "totalTurnover": 176569.61,
    "openInterest": 285278,
    "changeInOpenInterest": 5144,
    "pChangeInOpenInterest": 1.8362640736219096,
    "orderBook": {
      "bid": [
        {
          "price": 1213.7,
          "quantity": 500
        },
        {
          "price": 1213.65,
          "quantity": 500
        },
        {
          "price": 1213.6,
          "quantity": 1000
        },
        {
          "price": 1213.55,
          "quantity": 500
        },
        {
          "price": 1213.5,
          "quantity": 2000
        }
      ],
      "ask": [
        {
          "price": 1214,
          "quantity": 500
        },
        {
          "price": 1214.2,
          "quantity": 5000
        },
        {
          "price": 1214.25,
          "quantity": 5000
        },
        {
          "price": 1214.3,
          "quantity": 1000
        },
        {
          "price": 1214.35,
          "quantity": 2500
        }
      ]
    },
    "volatility": {
      "daily": 1.36,
      "annualised": 26.03,
      "implied": 0
    }
  },
  {
    "lastPrice": 1220,
    "change": -26.299999999999955,
    "pChange": -2.1102463291342337,
    "contractsTraded": 4911,
    "totalTurnover": 29914.62,
    "openInterest": 15069,
    "changeInOpenInterest": 2374,
    "pChangeInOpenInterest": 18.70027569909413,
    "orderBook": {
      "bid": [
        {
          "price": 1220.3,
          "quantity": 2000
        },
        {
          "price": 1220.25,
          "quantity": 500
        },
        {
          "price": 1220.2,
          "quantity": 500
        },
        {
          "price": 1220.15,
          "quantity": 1000
        },
        {
          "price": 1220.1,
          "quantity": 2500
        }
      ],
      "ask": [
        {
          "price": 1220.75,
          "quantity": 1000
        },
        {
          "price": 1220.8,
          "quantity": 500
        },
        {
          "price": 1220.9,
          "quantity": 500
        },
        {
          "price": 1220.95,
          "quantity": 1000
        },
        {
          "price": 1221,
          "quantity": 2000
        }
      ]
    },
    "volatility": {
      "daily": 1.36,
      "annualised": 26.03,
      "implied": 0
    }
  },
  {
    "lastPrice": 1228,
    "change": -25.450000000000045,
    "pChange": -2.0303961067453864,
    "contractsTraded": 1309,
    "totalTurnover": 8034.51,
    "openInterest": 2207,
    "changeInOpenInterest": 621,
    "pChangeInOpenInterest": 39.155107187894075,
    "orderBook": {
      "bid": [
        {
          "price": 1227.35,
          "quantity": 1500
        },
        {
          "price": 1227.2,
          "quantity": 500
        },
        {
          "price": 1227.15,
          "quantity": 1000
        },
        {
          "price": 1227,
          "quantity": 500
        },
        {
          "price": 1226.95,
          "quantity": 1000
        }
      ],
      "ask": [
        {
          "price": 1228.1,
          "quantity": 1000
        },
        {
          "price": 1228.15,
          "quantity": 500
        },
        {
          "price": 1228.2,
          "quantity": 500
        },
        {
          "price": 1228.6,
          "quantity": 500
        },
        {
          "price": 1228.7,
          "quantity": 500
        }
      ]
    },
    "volatility": {
      "daily": 1.36,
      "annualised": 26.03,
      "implied": 0
    }
  }
]
Options Data (limited to 3): [
  {
    "optionType": "Put",
    "strikePrice": 1200,
    "expiryDate": "27-Feb-2025",
    "identifier": "OPTSTKRELIANCE27-02-2025PE1200.00",
    "lastPrice": 17,
    "change": 8.4,
    "pChange": 97.67441860465117,
    "contractsTraded": 18593,
    "totalTurnover": 1760.76,
    "openInterest": 8259,
    "changeInOpenInterest": 1214,
    "pChangeInOpenInterest": 17.23207948899929,
    "orderBook": {
      "bid": [
        {
          "price": 16.85,
          "quantity": 2000
        },
        {
          "price": 16.8,
          "quantity": 5000
        },
        {
          "price": 16.75,
          "quantity": 4000
        },
        {
          "price": 16.7,
          "quantity": 4000
        },
        {
          "price": 16.65,
          "quantity": 4000
        }
      ],
      "ask": [
        {
          "price": 17,
          "quantity": 2500
        },
        {
          "price": 17.05,
          "quantity": 5000
        },
        {
          "price": 17.1,
          "quantity": 4000
        },
        {
          "price": 17.15,
          "quantity": 6500
        },
        {
          "price": 17.2,
          "quantity": 5000
        }
      ]
    },
    "impliedVolatility": 24.34
  },
  {
    "optionType": "Call",
    "strikePrice": 1300,
    "expiryDate": "27-Feb-2025",
    "identifier": "OPTSTKRELIANCE27-02-2025CE1300.00",
    "lastPrice": 2.35,
    "change": -1.7499999999999996,
    "pChange": -42.68292682926828,
    "contractsTraded": 14248,
    "totalTurnover": 170.98,
    "openInterest": 25960,
    "changeInOpenInterest": 815,
    "pChangeInOpenInterest": 3.241201034002784,
    "orderBook": {
      "bid": [
        {
          "price": 2.3,
          "quantity": 41000
        },
        {
          "price": 2.25,
          "quantity": 60500
        },
        {
          "price": 2.2,
          "quantity": 44000
        },
        {
          "price": 2.15,
          "quantity": 52500
        },
        {
          "price": 2.1,
          "quantity": 24500
        }
      ],
      "ask": [
        {
          "price": 2.4,
          "quantity": 8500
        },
        {
          "price": 2.45,
          "quantity": 26500
        },
        {
          "price": 2.5,
          "quantity": 60500
        },
        {
          "price": 2.55,
          "quantity": 22500
        },
        {
          "price": 2.6,
          "quantity": 23000
        }
      ]
    },
    "impliedVolatility": 24.5
  },
  {
    "optionType": "Call",
    "strikePrice": 1250,
    "expiryDate": "27-Feb-2025",
    "identifier": "OPTSTKRELIANCE27-02-2025CE1250.00",
    "lastPrice": 8.45,
    "change": -8.2,
    "pChange": -49.249249249249246,
    "contractsTraded": 13708,
    "totalTurnover": 582.59,
    "openInterest": 9195,
    "changeInOpenInterest": 1524,
    "pChangeInOpenInterest": 19.86703167774736,
    "orderBook": {
      "bid": [
        {
          "price": 8.45,
          "quantity": 5000
        },
        {
          "price": 8.4,
          "quantity": 8000
        },
        {
          "price": 8.35,
          "quantity": 10500
        },
        {
          "price": 8.3,
          "quantity": 9500
        },
        {
          "price": 8.25,
          "quantity": 7000
        }
      ],
      "ask": [
        {
          "price": 8.55,
          "quantity": 9500
        },
        {
          "price": 8.6,
          "quantity": 8000
        },
        {
          "price": 8.65,
          "quantity": 9500
        },
        {
          "price": 8.7,
          "quantity": 8000
        },
        {
          "price": 8.75,
          "quantity": 4500
        }
      ]
    },
    "impliedVolatility": 21.92
  }
]
-------------------------
